<?xml version="1.0" encoding="UTF-8"?>
<testsuite xmlns:xsi="http://www.w3.org/2001/XMLSchema-instance" xsi:noNamespaceSchemaLocation="https://maven.apache.org/surefire/maven-surefire-plugin/xsd/surefire-test-report-3.0.xsd" version="3.0" name="com.flipkart.AppTest" time="0.014" tests="1" errors="0" skipped="0" failures="0">
  <properties>
    <property name="java.specification.version" value="19"/>
    <property name="sun.jnu.encoding" value="UTF-8"/>
    <property name="java.class.path" value="/Users/ritik.taneja/jedi/Flipkart-JEDI-Group-D-CRS/CRS-JEDI-Flipkart-REST/target/test-classes:/Users/ritik.taneja/jedi/Flipkart-JEDI-Group-D-CRS/CRS-JEDI-Flipkart-REST/target/classes:/Users/ritik.taneja/.m2/repository/io/dropwizard/dropwizard-core/1.0.0/dropwizard-core-1.0.0.jar:/Users/ritik.taneja/.m2/repository/io/dropwizard/dropwizard-util/1.0.0/dropwizard-util-1.0.0.jar:/Users/ritik.taneja/.m2/repository/com/fasterxml/jackson/core/jackson-annotations/2.7.6/jackson-annotations-2.7.6.jar:/Users/ritik.taneja/.m2/repository/com/google/guava/guava/19.0/guava-19.0.jar:/Users/ritik.taneja/.m2/repository/com/google/code/findbugs/jsr305/3.0.1/jsr305-3.0.1.jar:/Users/ritik.taneja/.m2/repository/joda-time/joda-time/2.9.4/joda-time-2.9.4.jar:/Users/ritik.taneja/.m2/repository/io/dropwizard/dropwizard-jackson/1.0.0/dropwizard-jackson-1.0.0.jar:/Users/ritik.taneja/.m2/repository/com/fasterxml/jackson/core/jackson-core/2.7.6/jackson-core-2.7.6.jar:/Users/ritik.taneja/.m2/repository/com/fasterxml/jackson/core/jackson-databind/2.7.6/jackson-databind-2.7.6.jar:/Users/ritik.taneja/.m2/repository/com/fasterxml/jackson/datatype/jackson-datatype-guava/2.7.6/jackson-datatype-guava-2.7.6.jar:/Users/ritik.taneja/.m2/repository/com/fasterxml/jackson/datatype/jackson-datatype-jsr310/2.7.6/jackson-datatype-jsr310-2.7.6.jar:/Users/ritik.taneja/.m2/repository/com/fasterxml/jackson/datatype/jackson-datatype-jdk8/2.7.6/jackson-datatype-jdk8-2.7.6.jar:/Users/ritik.taneja/.m2/repository/com/fasterxml/jackson/module/jackson-module-afterburner/2.7.6/jackson-module-afterburner-2.7.6.jar:/Users/ritik.taneja/.m2/repository/com/fasterxml/jackson/datatype/jackson-datatype-joda/2.7.6/jackson-datatype-joda-2.7.6.jar:/Users/ritik.taneja/.m2/repository/org/slf4j/slf4j-api/1.7.21/slf4j-api-1.7.21.jar:/Users/ritik.taneja/.m2/repository/ch/qos/logback/logback-classic/1.1.7/logback-classic-1.1.7.jar:/Users/ritik.taneja/.m2/repository/io/dropwizard/dropwizard-validation/1.0.0/dropwizard-validation-1.0.0.jar:/Users/ritik.taneja/.m2/repository/org/hibernate/hibernate-validator/5.2.4.Final/hibernate-validator-5.2.4.Final.jar:/Users/ritik.taneja/.m2/repository/javax/validation/validation-api/1.1.0.Final/validation-api-1.1.0.Final.jar:/Users/ritik.taneja/.m2/repository/org/jboss/logging/jboss-logging/3.2.1.Final/jboss-logging-3.2.1.Final.jar:/Users/ritik.taneja/.m2/repository/com/fasterxml/classmate/1.1.0/classmate-1.1.0.jar:/Users/ritik.taneja/.m2/repository/org/glassfish/javax.el/3.0.0/javax.el-3.0.0.jar:/Users/ritik.taneja/.m2/repository/io/dropwizard/dropwizard-configuration/1.0.0/dropwizard-configuration-1.0.0.jar:/Users/ritik.taneja/.m2/repository/com/fasterxml/jackson/dataformat/jackson-dataformat-yaml/2.7.6/jackson-dataformat-yaml-2.7.6.jar:/Users/ritik.taneja/.m2/repository/org/yaml/snakeyaml/1.15/snakeyaml-1.15.jar:/Users/ritik.taneja/.m2/repository/org/apache/commons/commons-lang3/3.4/commons-lang3-3.4.jar:/Users/ritik.taneja/.m2/repository/io/dropwizard/dropwizard-logging/1.0.0/dropwizard-logging-1.0.0.jar:/Users/ritik.taneja/.m2/repository/io/dropwizard/metrics/metrics-logback/3.1.2/metrics-logback-3.1.2.jar:/Users/ritik.taneja/.m2/repository/org/slf4j/jul-to-slf4j/1.7.21/jul-to-slf4j-1.7.21.jar:/Users/ritik.taneja/.m2/repository/ch/qos/logback/logback-core/1.1.7/logback-core-1.1.7.jar:/Users/ritik.taneja/.m2/repository/org/slf4j/log4j-over-slf4j/1.7.21/log4j-over-slf4j-1.7.21.jar:/Users/ritik.taneja/.m2/repository/org/slf4j/jcl-over-slf4j/1.7.21/jcl-over-slf4j-1.7.21.jar:/Users/ritik.taneja/.m2/repository/org/eclipse/jetty/jetty-util/9.3.9.v20160517/jetty-util-9.3.9.v20160517.jar:/Users/ritik.taneja/.m2/repository/io/dropwizard/dropwizard-metrics/1.0.0/dropwizard-metrics-1.0.0.jar:/Users/ritik.taneja/.m2/repository/io/dropwizard/dropwizard-jersey/1.0.0/dropwizard-jersey-1.0.0.jar:/Users/ritik.taneja/.m2/repository/org/glassfish/jersey/core/jersey-server/2.23.1/jersey-server-2.23.1.jar:/Users/ritik.taneja/.m2/repository/org/glassfish/jersey/core/jersey-common/2.23.1/jersey-common-2.23.1.jar:/Users/ritik.taneja/.m2/repository/org/glassfish/jersey/bundles/repackaged/jersey-guava/2.23.1/jersey-guava-2.23.1.jar:/Users/ritik.taneja/.m2/repository/org/glassfish/hk2/osgi-resource-locator/1.0.1/osgi-resource-locator-1.0.1.jar:/Users/ritik.taneja/.m2/repository/org/glassfish/jersey/core/jersey-client/2.23.1/jersey-client-2.23.1.jar:/Users/ritik.taneja/.m2/repository/javax/ws/rs/javax.ws.rs-api/2.0.1/javax.ws.rs-api-2.0.1.jar:/Users/ritik.taneja/.m2/repository/org/glassfish/jersey/media/jersey-media-jaxb/2.23.1/jersey-media-jaxb-2.23.1.jar:/Users/ritik.taneja/.m2/repository/javax/annotation/javax.annotation-api/1.2/javax.annotation-api-1.2.jar:/Users/ritik.taneja/.m2/repository/org/glassfish/hk2/hk2-api/2.4.0-b34/hk2-api-2.4.0-b34.jar:/Users/ritik.taneja/.m2/repository/org/glassfish/hk2/hk2-utils/2.4.0-b34/hk2-utils-2.4.0-b34.jar:/Users/ritik.taneja/.m2/repository/org/glassfish/hk2/external/aopalliance-repackaged/2.4.0-b34/aopalliance-repackaged-2.4.0-b34.jar:/Users/ritik.taneja/.m2/repository/org/glassfish/hk2/external/javax.inject/2.4.0-b34/javax.inject-2.4.0-b34.jar:/Users/ritik.taneja/.m2/repository/org/glassfish/hk2/hk2-locator/2.4.0-b34/hk2-locator-2.4.0-b34.jar:/Users/ritik.taneja/.m2/repository/org/javassist/javassist/3.18.1-GA/javassist-3.18.1-GA.jar:/Users/ritik.taneja/.m2/repository/org/glassfish/jersey/ext/jersey-metainf-services/2.23.1/jersey-metainf-services-2.23.1.jar:/Users/ritik.taneja/.m2/repository/org/glassfish/jersey/ext/jersey-bean-validation/2.23.1/jersey-bean-validation-2.23.1.jar:/Users/ritik.taneja/.m2/repository/io/dropwizard/metrics/metrics-jersey2/3.1.2/metrics-jersey2-3.1.2.jar:/Users/ritik.taneja/.m2/repository/com/fasterxml/jackson/jaxrs/jackson-jaxrs-json-provider/2.7.6/jackson-jaxrs-json-provider-2.7.6.jar:/Users/ritik.taneja/.m2/repository/com/fasterxml/jackson/jaxrs/jackson-jaxrs-base/2.7.6/jackson-jaxrs-base-2.7.6.jar:/Users/ritik.taneja/.m2/repository/com/fasterxml/jackson/module/jackson-module-jaxb-annotations/2.7.6/jackson-module-jaxb-annotations-2.7.6.jar:/Users/ritik.taneja/.m2/repository/org/glassfish/jersey/containers/jersey-container-servlet/2.23.1/jersey-container-servlet-2.23.1.jar:/Users/ritik.taneja/.m2/repository/org/glassfish/jersey/containers/jersey-container-servlet-core/2.23.1/jersey-container-servlet-core-2.23.1.jar:/Users/ritik.taneja/.m2/repository/org/eclipse/jetty/jetty-server/9.3.9.v20160517/jetty-server-9.3.9.v20160517.jar:/Users/ritik.taneja/.m2/repository/javax/servlet/javax.servlet-api/3.1.0/javax.servlet-api-3.1.0.jar:/Users/ritik.taneja/.m2/repository/org/eclipse/jetty/jetty-io/9.3.9.v20160517/jetty-io-9.3.9.v20160517.jar:/Users/ritik.taneja/.m2/repository/org/eclipse/jetty/jetty-webapp/9.3.9.v20160517/jetty-webapp-9.3.9.v20160517.jar:/Users/ritik.taneja/.m2/repository/org/eclipse/jetty/jetty-xml/9.3.9.v20160517/jetty-xml-9.3.9.v20160517.jar:/Users/ritik.taneja/.m2/repository/org/eclipse/jetty/jetty-continuation/9.3.9.v20160517/jetty-continuation-9.3.9.v20160517.jar:/Users/ritik.taneja/.m2/repository/io/dropwizard/dropwizard-servlets/1.0.0/dropwizard-servlets-1.0.0.jar:/Users/ritik.taneja/.m2/repository/io/dropwizard/metrics/metrics-annotation/3.1.2/metrics-annotation-3.1.2.jar:/Users/ritik.taneja/.m2/repository/io/dropwizard/dropwizard-jetty/1.0.0/dropwizard-jetty-1.0.0.jar:/Users/ritik.taneja/.m2/repository/io/dropwizard/metrics/metrics-jetty9/3.1.2/metrics-jetty9-3.1.2.jar:/Users/ritik.taneja/.m2/repository/org/eclipse/jetty/jetty-servlet/9.3.9.v20160517/jetty-servlet-9.3.9.v20160517.jar:/Users/ritik.taneja/.m2/repository/org/eclipse/jetty/jetty-security/9.3.9.v20160517/jetty-security-9.3.9.v20160517.jar:/Users/ritik.taneja/.m2/repository/org/eclipse/jetty/jetty-servlets/9.3.9.v20160517/jetty-servlets-9.3.9.v20160517.jar:/Users/ritik.taneja/.m2/repository/org/eclipse/jetty/jetty-http/9.3.9.v20160517/jetty-http-9.3.9.v20160517.jar:/Users/ritik.taneja/.m2/repository/io/dropwizard/dropwizard-lifecycle/1.0.0/dropwizard-lifecycle-1.0.0.jar:/Users/ritik.taneja/.m2/repository/io/dropwizard/metrics/metrics-core/3.1.2/metrics-core-3.1.2.jar:/Users/ritik.taneja/.m2/repository/io/dropwizard/metrics/metrics-jvm/3.1.2/metrics-jvm-3.1.2.jar:/Users/ritik.taneja/.m2/repository/io/dropwizard/metrics/metrics-servlets/3.1.2/metrics-servlets-3.1.2.jar:/Users/ritik.taneja/.m2/repository/io/dropwizard/metrics/metrics-json/3.1.2/metrics-json-3.1.2.jar:/Users/ritik.taneja/.m2/repository/io/dropwizard/metrics/metrics-healthchecks/3.1.2/metrics-healthchecks-3.1.2.jar:/Users/ritik.taneja/.m2/repository/io/dropwizard/dropwizard-request-logging/1.0.0/dropwizard-request-logging-1.0.0.jar:/Users/ritik.taneja/.m2/repository/ch/qos/logback/logback-access/1.1.7/logback-access-1.1.7.jar:/Users/ritik.taneja/.m2/repository/net/sourceforge/argparse4j/argparse4j/0.7.0/argparse4j-0.7.0.jar:/Users/ritik.taneja/.m2/repository/org/eclipse/jetty/toolchain/setuid/jetty-setuid-java/1.0.3/jetty-setuid-java-1.0.3.jar:/Users/ritik.taneja/.m2/repository/jakarta/xml/bind/jakarta.xml.bind-api/2.3.2/jakarta.xml.bind-api-2.3.2.jar:/Users/ritik.taneja/.m2/repository/jakarta/activation/jakarta.activation-api/1.2.1/jakarta.activation-api-1.2.1.jar:/Users/ritik.taneja/.m2/repository/org/glassfish/jaxb/jaxb-runtime/2.3.2/jaxb-runtime-2.3.2.jar:/Users/ritik.taneja/.m2/repository/org/glassfish/jaxb/txw2/2.3.2/txw2-2.3.2.jar:/Users/ritik.taneja/.m2/repository/com/sun/istack/istack-commons-runtime/3.0.8/istack-commons-runtime-3.0.8.jar:/Users/ritik.taneja/.m2/repository/org/jvnet/staxex/stax-ex/1.8.1/stax-ex-1.8.1.jar:/Users/ritik.taneja/.m2/repository/com/sun/xml/fastinfoset/FastInfoset/1.2.16/FastInfoset-1.2.16.jar:/Users/ritik.taneja/.m2/repository/junit/junit/3.8.1/junit-3.8.1.jar:/Users/ritik.taneja/.m2/repository/mysql/mysql-connector-java/8.0.30/mysql-connector-java-8.0.30.jar:/Users/ritik.taneja/.m2/repository/com/google/protobuf/protobuf-java/3.19.4/protobuf-java-3.19.4.jar:"/>
    <property name="java.vm.vendor" value="Homebrew"/>
    <property name="sun.arch.data.model" value="64"/>
    <property name="java.vendor.url" value="https://github.com/Homebrew/homebrew-core/issues"/>
    <property name="os.name" value="Mac OS X"/>
    <property name="java.vm.specification.version" value="19"/>
    <property name="sun.java.launcher" value="SUN_STANDARD"/>
    <property name="user.country" value="IN"/>
    <property name="sun.boot.library.path" value="/opt/homebrew/Cellar/openjdk/19.0.2/libexec/openjdk.jdk/Contents/Home/lib"/>
    <property name="sun.java.command" value="/Users/ritik.taneja/jedi/Flipkart-JEDI-Group-D-CRS/CRS-JEDI-Flipkart-REST/target/surefire/surefirebooter-20230208202353593_3.jar /Users/ritik.taneja/jedi/Flipkart-JEDI-Group-D-CRS/CRS-JEDI-Flipkart-REST/target/surefire 2023-02-08T20-23-53_437-jvmRun1 surefire-20230208202353593_1tmp surefire_0-20230208202353593_2tmp"/>
    <property name="jdk.debug" value="release"/>
    <property name="surefire.test.class.path" value="/Users/ritik.taneja/jedi/Flipkart-JEDI-Group-D-CRS/CRS-JEDI-Flipkart-REST/target/test-classes:/Users/ritik.taneja/jedi/Flipkart-JEDI-Group-D-CRS/CRS-JEDI-Flipkart-REST/target/classes:/Users/ritik.taneja/.m2/repository/io/dropwizard/dropwizard-core/1.0.0/dropwizard-core-1.0.0.jar:/Users/ritik.taneja/.m2/repository/io/dropwizard/dropwizard-util/1.0.0/dropwizard-util-1.0.0.jar:/Users/ritik.taneja/.m2/repository/com/fasterxml/jackson/core/jackson-annotations/2.7.6/jackson-annotations-2.7.6.jar:/Users/ritik.taneja/.m2/repository/com/google/guava/guava/19.0/guava-19.0.jar:/Users/ritik.taneja/.m2/repository/com/google/code/findbugs/jsr305/3.0.1/jsr305-3.0.1.jar:/Users/ritik.taneja/.m2/repository/joda-time/joda-time/2.9.4/joda-time-2.9.4.jar:/Users/ritik.taneja/.m2/repository/io/dropwizard/dropwizard-jackson/1.0.0/dropwizard-jackson-1.0.0.jar:/Users/ritik.taneja/.m2/repository/com/fasterxml/jackson/core/jackson-core/2.7.6/jackson-core-2.7.6.jar:/Users/ritik.taneja/.m2/repository/com/fasterxml/jackson/core/jackson-databind/2.7.6/jackson-databind-2.7.6.jar:/Users/ritik.taneja/.m2/repository/com/fasterxml/jackson/datatype/jackson-datatype-guava/2.7.6/jackson-datatype-guava-2.7.6.jar:/Users/ritik.taneja/.m2/repository/com/fasterxml/jackson/datatype/jackson-datatype-jsr310/2.7.6/jackson-datatype-jsr310-2.7.6.jar:/Users/ritik.taneja/.m2/repository/com/fasterxml/jackson/datatype/jackson-datatype-jdk8/2.7.6/jackson-datatype-jdk8-2.7.6.jar:/Users/ritik.taneja/.m2/repository/com/fasterxml/jackson/module/jackson-module-afterburner/2.7.6/jackson-module-afterburner-2.7.6.jar:/Users/ritik.taneja/.m2/repository/com/fasterxml/jackson/datatype/jackson-datatype-joda/2.7.6/jackson-datatype-joda-2.7.6.jar:/Users/ritik.taneja/.m2/repository/org/slf4j/slf4j-api/1.7.21/slf4j-api-1.7.21.jar:/Users/ritik.taneja/.m2/repository/ch/qos/logback/logback-classic/1.1.7/logback-classic-1.1.7.jar:/Users/ritik.taneja/.m2/repository/io/dropwizard/dropwizard-validation/1.0.0/dropwizard-validation-1.0.0.jar:/Users/ritik.taneja/.m2/repository/org/hibernate/hibernate-validator/5.2.4.Final/hibernate-validator-5.2.4.Final.jar:/Users/ritik.taneja/.m2/repository/javax/validation/validation-api/1.1.0.Final/validation-api-1.1.0.Final.jar:/Users/ritik.taneja/.m2/repository/org/jboss/logging/jboss-logging/3.2.1.Final/jboss-logging-3.2.1.Final.jar:/Users/ritik.taneja/.m2/repository/com/fasterxml/classmate/1.1.0/classmate-1.1.0.jar:/Users/ritik.taneja/.m2/repository/org/glassfish/javax.el/3.0.0/javax.el-3.0.0.jar:/Users/ritik.taneja/.m2/repository/io/dropwizard/dropwizard-configuration/1.0.0/dropwizard-configuration-1.0.0.jar:/Users/ritik.taneja/.m2/repository/com/fasterxml/jackson/dataformat/jackson-dataformat-yaml/2.7.6/jackson-dataformat-yaml-2.7.6.jar:/Users/ritik.taneja/.m2/repository/org/yaml/snakeyaml/1.15/snakeyaml-1.15.jar:/Users/ritik.taneja/.m2/repository/org/apache/commons/commons-lang3/3.4/commons-lang3-3.4.jar:/Users/ritik.taneja/.m2/repository/io/dropwizard/dropwizard-logging/1.0.0/dropwizard-logging-1.0.0.jar:/Users/ritik.taneja/.m2/repository/io/dropwizard/metrics/metrics-logback/3.1.2/metrics-logback-3.1.2.jar:/Users/ritik.taneja/.m2/repository/org/slf4j/jul-to-slf4j/1.7.21/jul-to-slf4j-1.7.21.jar:/Users/ritik.taneja/.m2/repository/ch/qos/logback/logback-core/1.1.7/logback-core-1.1.7.jar:/Users/ritik.taneja/.m2/repository/org/slf4j/log4j-over-slf4j/1.7.21/log4j-over-slf4j-1.7.21.jar:/Users/ritik.taneja/.m2/repository/org/slf4j/jcl-over-slf4j/1.7.21/jcl-over-slf4j-1.7.21.jar:/Users/ritik.taneja/.m2/repository/org/eclipse/jetty/jetty-util/9.3.9.v20160517/jetty-util-9.3.9.v20160517.jar:/Users/ritik.taneja/.m2/repository/io/dropwizard/dropwizard-metrics/1.0.0/dropwizard-metrics-1.0.0.jar:/Users/ritik.taneja/.m2/repository/io/dropwizard/dropwizard-jersey/1.0.0/dropwizard-jersey-1.0.0.jar:/Users/ritik.taneja/.m2/repository/org/glassfish/jersey/core/jersey-server/2.23.1/jersey-server-2.23.1.jar:/Users/ritik.taneja/.m2/repository/org/glassfish/jersey/core/jersey-common/2.23.1/jersey-common-2.23.1.jar:/Users/ritik.taneja/.m2/repository/org/glassfish/jersey/bundles/repackaged/jersey-guava/2.23.1/jersey-guava-2.23.1.jar:/Users/ritik.taneja/.m2/repository/org/glassfish/hk2/osgi-resource-locator/1.0.1/osgi-resource-locator-1.0.1.jar:/Users/ritik.taneja/.m2/repository/org/glassfish/jersey/core/jersey-client/2.23.1/jersey-client-2.23.1.jar:/Users/ritik.taneja/.m2/repository/javax/ws/rs/javax.ws.rs-api/2.0.1/javax.ws.rs-api-2.0.1.jar:/Users/ritik.taneja/.m2/repository/org/glassfish/jersey/media/jersey-media-jaxb/2.23.1/jersey-media-jaxb-2.23.1.jar:/Users/ritik.taneja/.m2/repository/javax/annotation/javax.annotation-api/1.2/javax.annotation-api-1.2.jar:/Users/ritik.taneja/.m2/repository/org/glassfish/hk2/hk2-api/2.4.0-b34/hk2-api-2.4.0-b34.jar:/Users/ritik.taneja/.m2/repository/org/glassfish/hk2/hk2-utils/2.4.0-b34/hk2-utils-2.4.0-b34.jar:/Users/ritik.taneja/.m2/repository/org/glassfish/hk2/external/aopalliance-repackaged/2.4.0-b34/aopalliance-repackaged-2.4.0-b34.jar:/Users/ritik.taneja/.m2/repository/org/glassfish/hk2/external/javax.inject/2.4.0-b34/javax.inject-2.4.0-b34.jar:/Users/ritik.taneja/.m2/repository/org/glassfish/hk2/hk2-locator/2.4.0-b34/hk2-locator-2.4.0-b34.jar:/Users/ritik.taneja/.m2/repository/org/javassist/javassist/3.18.1-GA/javassist-3.18.1-GA.jar:/Users/ritik.taneja/.m2/repository/org/glassfish/jersey/ext/jersey-metainf-services/2.23.1/jersey-metainf-services-2.23.1.jar:/Users/ritik.taneja/.m2/repository/org/glassfish/jersey/ext/jersey-bean-validation/2.23.1/jersey-bean-validation-2.23.1.jar:/Users/ritik.taneja/.m2/repository/io/dropwizard/metrics/metrics-jersey2/3.1.2/metrics-jersey2-3.1.2.jar:/Users/ritik.taneja/.m2/repository/com/fasterxml/jackson/jaxrs/jackson-jaxrs-json-provider/2.7.6/jackson-jaxrs-json-provider-2.7.6.jar:/Users/ritik.taneja/.m2/repository/com/fasterxml/jackson/jaxrs/jackson-jaxrs-base/2.7.6/jackson-jaxrs-base-2.7.6.jar:/Users/ritik.taneja/.m2/repository/com/fasterxml/jackson/module/jackson-module-jaxb-annotations/2.7.6/jackson-module-jaxb-annotations-2.7.6.jar:/Users/ritik.taneja/.m2/repository/org/glassfish/jersey/containers/jersey-container-servlet/2.23.1/jersey-container-servlet-2.23.1.jar:/Users/ritik.taneja/.m2/repository/org/glassfish/jersey/containers/jersey-container-servlet-core/2.23.1/jersey-container-servlet-core-2.23.1.jar:/Users/ritik.taneja/.m2/repository/org/eclipse/jetty/jetty-server/9.3.9.v20160517/jetty-server-9.3.9.v20160517.jar:/Users/ritik.taneja/.m2/repository/javax/servlet/javax.servlet-api/3.1.0/javax.servlet-api-3.1.0.jar:/Users/ritik.taneja/.m2/repository/org/eclipse/jetty/jetty-io/9.3.9.v20160517/jetty-io-9.3.9.v20160517.jar:/Users/ritik.taneja/.m2/repository/org/eclipse/jetty/jetty-webapp/9.3.9.v20160517/jetty-webapp-9.3.9.v20160517.jar:/Users/ritik.taneja/.m2/repository/org/eclipse/jetty/jetty-xml/9.3.9.v20160517/jetty-xml-9.3.9.v20160517.jar:/Users/ritik.taneja/.m2/repository/org/eclipse/jetty/jetty-continuation/9.3.9.v20160517/jetty-continuation-9.3.9.v20160517.jar:/Users/ritik.taneja/.m2/repository/io/dropwizard/dropwizard-servlets/1.0.0/dropwizard-servlets-1.0.0.jar:/Users/ritik.taneja/.m2/repository/io/dropwizard/metrics/metrics-annotation/3.1.2/metrics-annotation-3.1.2.jar:/Users/ritik.taneja/.m2/repository/io/dropwizard/dropwizard-jetty/1.0.0/dropwizard-jetty-1.0.0.jar:/Users/ritik.taneja/.m2/repository/io/dropwizard/metrics/metrics-jetty9/3.1.2/metrics-jetty9-3.1.2.jar:/Users/ritik.taneja/.m2/repository/org/eclipse/jetty/jetty-servlet/9.3.9.v20160517/jetty-servlet-9.3.9.v20160517.jar:/Users/ritik.taneja/.m2/repository/org/eclipse/jetty/jetty-security/9.3.9.v20160517/jetty-security-9.3.9.v20160517.jar:/Users/ritik.taneja/.m2/repository/org/eclipse/jetty/jetty-servlets/9.3.9.v20160517/jetty-servlets-9.3.9.v20160517.jar:/Users/ritik.taneja/.m2/repository/org/eclipse/jetty/jetty-http/9.3.9.v20160517/jetty-http-9.3.9.v20160517.jar:/Users/ritik.taneja/.m2/repository/io/dropwizard/dropwizard-lifecycle/1.0.0/dropwizard-lifecycle-1.0.0.jar:/Users/ritik.taneja/.m2/repository/io/dropwizard/metrics/metrics-core/3.1.2/metrics-core-3.1.2.jar:/Users/ritik.taneja/.m2/repository/io/dropwizard/metrics/metrics-jvm/3.1.2/metrics-jvm-3.1.2.jar:/Users/ritik.taneja/.m2/repository/io/dropwizard/metrics/metrics-servlets/3.1.2/metrics-servlets-3.1.2.jar:/Users/ritik.taneja/.m2/repository/io/dropwizard/metrics/metrics-json/3.1.2/metrics-json-3.1.2.jar:/Users/ritik.taneja/.m2/repository/io/dropwizard/metrics/metrics-healthchecks/3.1.2/metrics-healthchecks-3.1.2.jar:/Users/ritik.taneja/.m2/repository/io/dropwizard/dropwizard-request-logging/1.0.0/dropwizard-request-logging-1.0.0.jar:/Users/ritik.taneja/.m2/repository/ch/qos/logback/logback-access/1.1.7/logback-access-1.1.7.jar:/Users/ritik.taneja/.m2/repository/net/sourceforge/argparse4j/argparse4j/0.7.0/argparse4j-0.7.0.jar:/Users/ritik.taneja/.m2/repository/org/eclipse/jetty/toolchain/setuid/jetty-setuid-java/1.0.3/jetty-setuid-java-1.0.3.jar:/Users/ritik.taneja/.m2/repository/jakarta/xml/bind/jakarta.xml.bind-api/2.3.2/jakarta.xml.bind-api-2.3.2.jar:/Users/ritik.taneja/.m2/repository/jakarta/activation/jakarta.activation-api/1.2.1/jakarta.activation-api-1.2.1.jar:/Users/ritik.taneja/.m2/repository/org/glassfish/jaxb/jaxb-runtime/2.3.2/jaxb-runtime-2.3.2.jar:/Users/ritik.taneja/.m2/repository/org/glassfish/jaxb/txw2/2.3.2/txw2-2.3.2.jar:/Users/ritik.taneja/.m2/repository/com/sun/istack/istack-commons-runtime/3.0.8/istack-commons-runtime-3.0.8.jar:/Users/ritik.taneja/.m2/repository/org/jvnet/staxex/stax-ex/1.8.1/stax-ex-1.8.1.jar:/Users/ritik.taneja/.m2/repository/com/sun/xml/fastinfoset/FastInfoset/1.2.16/FastInfoset-1.2.16.jar:/Users/ritik.taneja/.m2/repository/junit/junit/3.8.1/junit-3.8.1.jar:/Users/ritik.taneja/.m2/repository/mysql/mysql-connector-java/8.0.30/mysql-connector-java-8.0.30.jar:/Users/ritik.taneja/.m2/repository/com/google/protobuf/protobuf-java/3.19.4/protobuf-java-3.19.4.jar:"/>
    <property name="sun.cpu.endian" value="little"/>
    <property name="user.home" value="/Users/ritik.taneja"/>
    <property name="user.language" value="en"/>
    <property name="java.specification.vendor" value="Oracle Corporation"/>
    <property name="java.version.date" value="2023-01-17"/>
    <property name="java.home" value="/opt/homebrew/Cellar/openjdk/19.0.2/libexec/openjdk.jdk/Contents/Home"/>
    <property name="file.separator" value="/"/>
    <property name="basedir" value="/Users/ritik.taneja/jedi/Flipkart-JEDI-Group-D-CRS/CRS-JEDI-Flipkart-REST"/>
    <property name="java.vm.compressedOopsMode" value="Zero based"/>
    <property name="line.separator" value="&#10;"/>
    <property name="java.specification.name" value="Java Platform API Specification"/>
    <property name="java.vm.specification.vendor" value="Oracle Corporation"/>
    <property name="apple.awt.application.name" value="ForkedBooter"/>
    <property name="surefire.real.class.path" value="/Users/ritik.taneja/jedi/Flipkart-JEDI-Group-D-CRS/CRS-JEDI-Flipkart-REST/target/surefire/surefirebooter-20230208202353593_3.jar"/>
    <property name="sun.management.compiler" value="HotSpot 64-Bit Tiered Compilers"/>
    <property name="java.runtime.version" value="19.0.2"/>
    <property name="user.name" value="ritik.taneja"/>
    <property name="stdout.encoding" value="US-ASCII"/>
    <property name="path.separator" value=":"/>
    <property name="os.version" value="12.6.2"/>
    <property name="java.runtime.name" value="OpenJDK Runtime Environment"/>
    <property name="file.encoding" value="UTF-8"/>
    <property name="java.vm.name" value="OpenJDK 64-Bit Server VM"/>
    <property name="java.vendor.version" value="Homebrew"/>
    <property name="localRepository" value="/Users/ritik.taneja/.m2/repository"/>
    <property name="java.vendor.url.bug" value="https://github.com/Homebrew/homebrew-core/issues"/>
    <property name="java.io.tmpdir" value="/var/folders/l3/gb78q99d18ndzlg939_6rkp8cdxcx2/T/"/>
    <property name="java.version" value="19.0.2"/>
    <property name="user.dir" value="/Users/ritik.taneja/jedi/Flipkart-JEDI-Group-D-CRS/CRS-JEDI-Flipkart-REST"/>
    <property name="os.arch" value="aarch64"/>
    <property name="java.vm.specification.name" value="Java Virtual Machine Specification"/>
    <property name="native.encoding" value="US-ASCII"/>
    <property name="java.library.path" value="/Users/ritik.taneja/Library/Java/Extensions:/Library/Java/Extensions:/Network/Library/Java/Extensions:/System/Library/Java/Extensions:/usr/lib/java:."/>
    <property name="java.vm.info" value="mixed mode, sharing"/>
    <property name="stderr.encoding" value="US-ASCII"/>
    <property name="java.vendor" value="Homebrew"/>
    <property name="java.vm.version" value="19.0.2"/>
    <property name="sun.io.unicode.encoding" value="UnicodeBig"/>
    <property name="java.class.version" value="63.0"/>
  </properties>
  <testcase name="testApp" classname="com.flipkart.AppTest" time="0.005"/>
</testsuite>